<?xml version="1.0" encoding="UTF-8"?>
<!-- Generated by org.testng.reporters.JUnitReportReporter -->
<testsuite hostname="DESKTOP-UTHF6CG" failures="0" tests="3" name="TestPackage.TestA$TestClass_TestNG" time="0.052" errors="0" timestamp="2022-09-07T23:35:22 IST" skipped="0">
  <testcase classname="TestPackage.TestA$TestClass_TestNG" name="testA" time="0.022"/>
  <system-out/>
  <testcase classname="TestPackage.TestA$TestClass_TestNG" name="testB" time="0.023"/>
  <system-out/>
  <testcase classname="TestPackage.TestA$TestClass_TestNG" name="testC" time="0.007"/>
  <system-out/>
</testsuite> <!-- TestPackage.TestA$TestClass_TestNG -->
